TN:
SF:src\afterSignInRedirect.jsx
FN:6,AfterSignInRedirect
FN:13,(anonymous_1)
FN:14,(anonymous_2)
FNF:3
FNH:3
FNDA:3,AfterSignInRedirect
FNDA:3,(anonymous_1)
FNDA:3,(anonymous_2)
DA:7,3
DA:8,3
DA:10,3
DA:13,3
DA:14,3
DA:16,3
DA:17,2
DA:18,1
DA:21,1
DA:22,1
DA:25,0
DA:26,0
DA:30,1
DA:36,3
LF:14
LH:12
BRDA:16,0,0,2
BRDA:16,0,1,1
BRDA:17,1,0,1
BRDA:17,1,1,1
BRDA:21,2,0,1
BRDA:21,2,1,0
BRDA:25,3,0,0
BRDA:25,3,1,0
BRF:8
BRH:5
end_of_record
TN:
SF:src\showup.jsx
FN:3,ShowUp
FNF:1
FNH:1
FNDA:1,ShowUp
DA:4,1
LF:1
LH:1
BRF:0
BRH:0
end_of_record
TN:
SF:src\Components\Signup\signup.jsx
FN:10,SignUp
FNF:1
FNH:1
FNDA:2,SignUp
DA:11,2
LF:1
LH:1
BRF:0
BRH:0
end_of_record
TN:
SF:src\adminResources\BlockedUser.jsx
FN:4,BlockedUser
FNF:1
FNH:1
FNDA:1,BlockedUser
DA:5,1
LF:1
LH:1
BRF:0
BRH:0
end_of_record
TN:
SF:src\adminResources\getUserById.jsx
FN:1,getUserById
FNF:1
FNH:1
FNDA:2,getUserById
DA:2,2
DA:9,2
DA:10,2
LF:3
LH:3
BRF:0
BRH:0
end_of_record
TN:
SF:src\adminResources\removeConfigMenu.jsx
FN:1,removeConfigMenu
FNF:1
FNH:0
FNDA:0,removeConfigMenu
DA:2,0
DA:3,0
DA:4,0
LF:3
LH:0
BRF:0
BRH:0
end_of_record
TN:
SF:src\adminResources\updateRole.jsx
FN:3,updateRole
FNF:1
FNH:1
FNDA:2,updateRole
DA:4,2
DA:6,2
DA:7,2
DA:19,1
DA:21,2
DA:22,2
LF:6
LH:6
BRF:0
BRH:0
end_of_record
TN:
SF:src\assets\JestTest.js
FN:3,CheckboxWithLabel
FN:6,(anonymous_1)
FNF:2
FNH:2
FNDA:2,CheckboxWithLabel
FNDA:1,(anonymous_1)
DA:4,2
DA:6,2
DA:7,1
DA:10,2
LF:4
LH:4
BRDA:13,0,0,1
BRDA:13,0,1,1
BRF:2
BRH:2
end_of_record
