TN:
SF:src/afterSignInRedirect.jsx
FN:6,AfterSignInRedirect
FN:14,(anonymous_1)
FN:16,(anonymous_2)
FNF:3
FNH:3
FNDA:5,AfterSignInRedirect
FNDA:5,(anonymous_1)
FNDA:5,(anonymous_2)
DA:7,5
DA:8,5
DA:10,5
DA:11,5
DA:14,5
DA:15,5
DA:16,5
DA:18,5
DA:19,4
DA:20,1
DA:23,3
DA:24,1
DA:27,2
DA:28,1
DA:30,1
DA:31,1
DA:32,1
DA:35,0
DA:36,0
DA:37,0
DA:42,1
DA:48,5
LF:22
LH:19
BRDA:15,0,0,0
BRDA:15,0,1,5
BRDA:18,1,0,4
BRDA:18,1,1,1
BRDA:19,2,0,1
BRDA:19,2,1,3
BRDA:23,3,0,1
BRDA:23,3,1,2
BRDA:27,4,0,1
BRDA:27,4,1,1
BRDA:30,5,0,1
BRDA:30,5,1,0
BRDA:30,6,0,1
BRDA:30,6,1,0
BRDA:31,7,0,1
BRDA:31,7,1,0
BRDA:35,8,0,0
BRDA:35,8,1,0
BRDA:35,9,0,0
BRDA:35,9,1,0
BRDA:36,10,0,0
BRDA:36,10,1,0
BRF:22
BRH:12
end_of_record
TN:
SF:src/showup.jsx
FN:3,ShowUp
FNF:1
FNH:1
FNDA:1,ShowUp
DA:4,1
LF:1
LH:1
BRF:0
BRH:0
end_of_record
TN:
SF:src/Components/Signup/signup.jsx
FN:10,SignUp
FNF:1
FNH:1
FNDA:2,SignUp
DA:11,2
LF:1
LH:1
BRF:0
BRH:0
end_of_record
TN:
SF:src/adminResources/BlockedUser.jsx
FN:4,BlockedUser
FNF:1
FNH:1
FNDA:1,BlockedUser
DA:5,1
LF:1
LH:1
BRF:0
BRH:0
end_of_record
TN:
SF:src/adminResources/getUserById.jsx
FN:1,getUserById
FNF:1
FNH:1
FNDA:2,getUserById
DA:2,2
DA:9,2
DA:10,2
LF:3
LH:3
BRF:0
BRH:0
end_of_record
TN:
SF:src/adminResources/removeConfigMenu.jsx
FN:1,removeConfigMenu
FNF:1
FNH:0
FNDA:0,removeConfigMenu
DA:2,0
DA:3,0
DA:4,0
LF:3
LH:0
BRF:0
BRH:0
end_of_record
TN:
SF:src/adminResources/updateRole.jsx
FN:3,updateRole
FNF:1
FNH:1
FNDA:2,updateRole
DA:4,2
DA:6,2
DA:7,2
DA:19,1
DA:21,2
DA:22,2
LF:6
LH:6
BRF:0
BRH:0
end_of_record
TN:
SF:src/assets/JestTest.js
FN:3,CheckboxWithLabel
FN:6,(anonymous_1)
FNF:2
FNH:2
FNDA:2,CheckboxWithLabel
FNDA:1,(anonymous_1)
DA:4,2
DA:6,2
DA:7,1
DA:10,2
LF:4
LH:4
BRDA:13,0,0,1
BRDA:13,0,1,1
BRF:2
BRH:2
end_of_record
